Using pre-set license
Built from '2020.3/staging' branch; Version is '2020.3.25f1 (9b9180224418) revision 10195328'; Using compiler version '192528614'; Build Type 'Release'
OS: 'Windows 10  (10.0.19044) 64bit Core' Language: 'es' Physical Memory: 10159 MB
BatchMode: 1, IsHumanControllingUs: 0, StartBugReporterOnCrash: 0, Is64bit: 1, IsPro: 0

COMMAND LINE ARGUMENTS:
C:\Program Files\Unity\Hub\Editor\2020.3.25f1\Editor\Unity.exe
-adb2
-batchMode
-noUpm
-name
AssetImportWorker0
-projectPath
C:/Users/ferna/Documents/DAM2/Unity/Tanques
-logFile
Logs/AssetImportWorker0.log
-srvPort
60184
Successfully changed project path to: C:/Users/ferna/Documents/DAM2/Unity/Tanques
C:/Users/ferna/Documents/DAM2/Unity/Tanques
Using Asset Import Pipeline V2.
Refreshing native plugins compatible for Editor in 648.53 ms, found 2 plugins.
Preloading 0 native plugins for Editor in 0.00 ms.
Initialize engine version: 2020.3.25f1 (9b9180224418)
[Subsystems] Discovering subsystems at path C:/Program Files/Unity/Hub/Editor/2020.3.25f1/Editor/Data/Resources/UnitySubsystems
[Subsystems] Discovering subsystems at path C:/Users/ferna/Documents/DAM2/Unity/Tanques/Assets
GfxDevice: creating device client; threaded=0
Direct3D:
    Version:  Direct3D 11.0 [level 11.1]
    Renderer: AMD Radeon(TM) Graphics (ID=0x15d8)
    Vendor:   
    VRAM:     5079 MB
    Driver:   27.20.15002.1004
Initialize mono
Mono path[0] = 'C:/Program Files/Unity/Hub/Editor/2020.3.25f1/Editor/Data/Managed'
Mono path[1] = 'C:/Program Files/Unity/Hub/Editor/2020.3.25f1/Editor/Data/MonoBleedingEdge/lib/mono/unityjit'
Mono config path = 'C:/Program Files/Unity/Hub/Editor/2020.3.25f1/Editor/Data/MonoBleedingEdge/etc'
Using monoOptions --debugger-agent=transport=dt_socket,embedding=1,server=y,suspend=n,address=127.0.0.1:56340
Begin MonoManager ReloadAssembly
Registering precompiled unity dll's ...
Register platform support module: C:/Program Files/Unity/Hub/Editor/2020.3.25f1/Editor/Data/PlaybackEngines/WebGLSupport/UnityEditor.WebGL.Extensions.dll
Register platform support module: C:/Program Files/Unity/Hub/Editor/2020.3.25f1/Editor/Data/PlaybackEngines/WindowsStandaloneSupport/UnityEditor.WindowsStandalone.Extensions.dll
Registered in 0.019658 seconds.
Native extension for WindowsStandalone target not found
Native extension for WebGL target not found
Refreshing native plugins compatible for Editor in 374.09 ms, found 2 plugins.
Preloading 0 native plugins for Editor in 0.00 ms.
Mono: successfully reloaded assembly
- Completed reload, in  4.726 seconds
Domain Reload Profiling:
	ReloadAssembly (4727ms)
		BeginReloadAssembly (415ms)
			ExecutionOrderSort (0ms)
			DisableScriptedObjects (0ms)
			BackupInstance (0ms)
			ReleaseScriptingObjects (0ms)
			CreateAndSetChildDomain (3ms)
		EndReloadAssembly (3486ms)
			LoadAssemblies (414ms)
			RebuildTransferFunctionScriptingTraits (0ms)
			SetupTypeCache (1135ms)
			ReleaseScriptCaches (2ms)
			RebuildScriptCaches (122ms)
			SetupLoadedEditorAssemblies (1379ms)
				LogAssemblyErrors (0ms)
				InitializePlatformSupportModulesInManaged (31ms)
				SetLoadedEditorAssemblies (0ms)
				RefreshPlugins (375ms)
				BeforeProcessingInitializeOnLoad (75ms)
				ProcessInitializeOnLoadAttributes (732ms)
				ProcessInitializeOnLoadMethodAttributes (164ms)
				AfterProcessingInitializeOnLoad (0ms)
				EditorAssembliesLoaded (1ms)
			ExecutionOrderSort2 (0ms)
			AwakeInstancesAfterBackupRestoration (0ms)
Platform modules already initialized, skipping
Registering precompiled user dll's ...
Registered in 0.069553 seconds.
Begin MonoManager ReloadAssembly
Native extension for WindowsStandalone target not found
Native extension for WebGL target not found
Refreshing native plugins compatible for Editor in 1.36 ms, found 2 plugins.
Preloading 0 native plugins for Editor in 0.00 ms.
Mono: successfully reloaded assembly
- Completed reload, in  4.438 seconds
Domain Reload Profiling:
	ReloadAssembly (4445ms)
		BeginReloadAssembly (1823ms)
			ExecutionOrderSort (0ms)
			DisableScriptedObjects (32ms)
			BackupInstance (0ms)
			ReleaseScriptingObjects (0ms)
			CreateAndSetChildDomain (83ms)
		EndReloadAssembly (2160ms)
			LoadAssemblies (721ms)
			RebuildTransferFunctionScriptingTraits (0ms)
			SetupTypeCache (688ms)
			ReleaseScriptCaches (2ms)
			RebuildScriptCaches (89ms)
			SetupLoadedEditorAssemblies (748ms)
				LogAssemblyErrors (0ms)
				InitializePlatformSupportModulesInManaged (9ms)
				SetLoadedEditorAssemblies (1ms)
				RefreshPlugins (2ms)
				BeforeProcessingInitializeOnLoad (177ms)
				ProcessInitializeOnLoadAttributes (480ms)
				ProcessInitializeOnLoadMethodAttributes (51ms)
				AfterProcessingInitializeOnLoad (27ms)
				EditorAssembliesLoaded (1ms)
			ExecutionOrderSort2 (0ms)
			AwakeInstancesAfterBackupRestoration (22ms)
Platform modules already initialized, skipping
========================================================================
Worker process is ready to serve import requests
Launched and connected shader compiler UnityShaderCompiler.exe after 0.17 seconds
Refreshing native plugins compatible for Editor in 1.56 ms, found 2 plugins.
Preloading 0 native plugins for Editor in 0.00 ms.
Unloading 2323 Unused Serialized files (Serialized files now loaded: 0)
System memory in use before: 95.9 MB.
System memory in use after: 96.1 MB.

Unloading 63 unused Assets to reduce memory usage. Loaded Objects now: 2722.
Total: 11.431900 ms (FindLiveObjects: 0.493900 ms CreateObjectMapping: 0.102400 ms MarkObjects: 10.624900 ms  DeleteObjects: 0.207500 ms)

AssetImportParameters requested are different than current active one (requested -> active):
  custom:framework-win-MediaFoundation: 216162199b28c13a410421893ffa2e32 -> 
  custom:video-decoder-ogg-theora: a1e56fd34408186e4bbccfd4996cb3dc -> 
  custom:container-muxer-webm: aa71ff27fc2769a1b78a27578f13a17b -> 
  custom:container-demuxer-webm: 4f35f7cbe854078d1ac9338744f61a02 -> 
  custom:container-demuxer-ogg: 62fdf1f143b41e24485cea50d1cbac27 -> 
  custom:video-encoder-webm-vp8: eb34c28f22e8b96e1ab97ce403110664 -> 
  custom:video-decoder-webm-vp8: 9c59270c3fd7afecdb556c50c9e8de78 -> 
  custom:audio-decoder-ogg-vorbis: bf7c407c2cedff20999df2af8eb42d56 -> 
  custom:audio-encoder-webm-vorbis: bf7c407c2cedff20999df2af8eb42d56 -> 
========================================================================
Received Import Request.
  path: Assets/Readme.asset
  artifactKey: Guid(83c2ed844a8c74b779a4c823d16594b1) Importer(815301076,1909f56bfc062723c751e8b465ee728b)
Start importing Assets/Readme.asset using Guid(83c2ed844a8c74b779a4c823d16594b1) Importer(815301076,1909f56bfc062723c751e8b465ee728b)  -> (artifact id: '749ee7334d0e60ead08800dcd14a0d9a') in 0.075993 seconds 
  Import took 0.088616 seconds .

========================================================================
Received Import Request.
  Time since last request: 27.796748 seconds.
  path: Assets/Tanks!_Third-PartyNotice.txt
  artifactKey: Guid(0540cebe69e29f944a689b66e3d41275) Importer(815301076,1909f56bfc062723c751e8b465ee728b)
Start importing Assets/Tanks!_Third-PartyNotice.txt using Guid(0540cebe69e29f944a689b66e3d41275) Importer(815301076,1909f56bfc062723c751e8b465ee728b)  -> (artifact id: 'da76c596f0e968b5760fbc4379b35943') in 0.064073 seconds 
  Import took 0.075253 seconds .

========================================================================
Received Import Request.
  Time since last request: 161.864539 seconds.
  path: Assets/_Completed-Assets
  artifactKey: Guid(63fc0752714adda4d8e46bc93ab6e4b8) Importer(815301076,1909f56bfc062723c751e8b465ee728b)
Start importing Assets/_Completed-Assets using Guid(63fc0752714adda4d8e46bc93ab6e4b8) Importer(815301076,1909f56bfc062723c751e8b465ee728b)  -> (artifact id: '8345ae1287627433825273e015cd4de8') in 0.027718 seconds 
  Import took 0.036471 seconds .

========================================================================
Received Import Request.
  Time since last request: 4.353934 seconds.
  path: Assets/Sprites
  artifactKey: Guid(78415c8d6452baf4db826588249b5ff4) Importer(815301076,1909f56bfc062723c751e8b465ee728b)
Start importing Assets/Sprites using Guid(78415c8d6452baf4db826588249b5ff4) Importer(815301076,1909f56bfc062723c751e8b465ee728b)  -> (artifact id: '21016d994ec2538f24bfb22965a76c4c') in 0.023893 seconds 
  Import took 0.031995 seconds .

========================================================================
Received Import Request.
  Time since last request: 0.064004 seconds.
  path: Assets/Sprites/Aim Arrow.png
  artifactKey: Guid(ab943d3d5ac38bb448fabe3cdc9516d1) Importer(815301076,1909f56bfc062723c751e8b465ee728b)
Start importing Assets/Sprites/Aim Arrow.png using Guid(ab943d3d5ac38bb448fabe3cdc9516d1) Importer(815301076,1909f56bfc062723c751e8b465ee728b)  -> (artifact id: '2d0783f8e2dd9c92f6298053a792fb8c') in 0.327895 seconds 
  Import took 0.337952 seconds .

========================================================================
Received Import Request.
  Time since last request: 0.000397 seconds.
  path: Assets/Sprites/Smoke.tif
  artifactKey: Guid(8e2e7f1c0de3a1e4bab7041325aef152) Importer(815301076,1909f56bfc062723c751e8b465ee728b)
Start importing Assets/Sprites/Smoke.tif using Guid(8e2e7f1c0de3a1e4bab7041325aef152) Importer(815301076,1909f56bfc062723c751e8b465ee728b)  -> (artifact id: 'f97ed7dad95e76ff001ff044890a639b') in 0.058421 seconds 
  Import took 0.066386 seconds .

========================================================================
Received Import Request.
  Time since last request: 0.000420 seconds.
  path: Assets/Sprites/Health Wheel.png
  artifactKey: Guid(c7dd97e9cd879304795b366cbf187bfe) Importer(815301076,1909f56bfc062723c751e8b465ee728b)
Start importing Assets/Sprites/Health Wheel.png using Guid(c7dd97e9cd879304795b366cbf187bfe) Importer(815301076,1909f56bfc062723c751e8b465ee728b)  -> (artifact id: '9a12c0f8cdacd5afaa56a79293a938f8') in 0.062782 seconds 
  Import took 0.070936 seconds .

========================================================================
Received Import Request.
  Time since last request: 331.975566 seconds.
  path: Assets/_Completed-Assets/Animators
  artifactKey: Guid(e0a5a24639365f2438a199c6b46badfd) Importer(815301076,1909f56bfc062723c751e8b465ee728b)
Start importing Assets/_Completed-Assets/Animators using Guid(e0a5a24639365f2438a199c6b46badfd) Importer(815301076,1909f56bfc062723c751e8b465ee728b)  -> (artifact id: '860abdd052110b662a78b4370ec8430d') in 0.029970 seconds 
  Import took 0.044947 seconds .

========================================================================
Received Import Request.
  Time since last request: 9.798911 seconds.
  path: Assets
  artifactKey: Guid(00000000000000001000000000000000) Importer(815301076,1909f56bfc062723c751e8b465ee728b)
Start importing Assets using Guid(00000000000000001000000000000000) Importer(815301076,1909f56bfc062723c751e8b465ee728b)  -> (artifact id: '42d402b061de3733987d63b9cc3b64de') in 0.032777 seconds 
  Import took 0.043654 seconds .

========================================================================
Received Import Request.
  Time since last request: 162.861716 seconds.
  path: Assets/Prefabs
  artifactKey: Guid(c2d6bea73573c9f4499c64d2b2f5f0ca) Importer(815301076,1909f56bfc062723c751e8b465ee728b)
Start importing Assets/Prefabs using Guid(c2d6bea73573c9f4499c64d2b2f5f0ca) Importer(815301076,1909f56bfc062723c751e8b465ee728b)  -> (artifact id: 'eaeccfafc184ae9ec24e0d2ab4991deb') in 0.047657 seconds 
  Import took 0.063313 seconds .

========================================================================
Received Import Request.
  Time since last request: 2.689940 seconds.
  path: Assets/Prefabs/LevelArt.prefab
  artifactKey: Guid(1cd1bdb2203012a40ab12a0d2fd7aa88) Importer(815301076,1909f56bfc062723c751e8b465ee728b)
Start importing Assets/Prefabs/LevelArt.prefab using Guid(1cd1bdb2203012a40ab12a0d2fd7aa88) Importer(815301076,1909f56bfc062723c751e8b465ee728b)  -> (artifact id: '563ce57559d6ffdc6a12d49882065604') in 1.449628 seconds 
  Import took 1.469465 seconds .

========================================================================
Received Import Request.
  Time since last request: 930.834140 seconds.
  path: Assets/Models/Tank.fbx
  artifactKey: Guid(002e2a607f5b64c48be0b3b0d8b8bfdd) Importer(815301076,1909f56bfc062723c751e8b465ee728b)
Start importing Assets/Models/Tank.fbx using Guid(002e2a607f5b64c48be0b3b0d8b8bfdd) Importer(815301076,1909f56bfc062723c751e8b465ee728b)  -> (artifact id: '5572d5577e58134c518f68ce535fb3d8') in 0.466493 seconds 
  Import took 0.478660 seconds .

========================================================================
Received Import Request.
  Time since last request: 240.465347 seconds.
  path: Assets/Scripts/Tank
  artifactKey: Guid(46e032e6247865441876c868e03138e3) Importer(815301076,1909f56bfc062723c751e8b465ee728b)
Start importing Assets/Scripts/Tank using Guid(46e032e6247865441876c868e03138e3) Importer(815301076,1909f56bfc062723c751e8b465ee728b)  -> (artifact id: '6d2ca3aaea89749844de22258addf354') in 0.055258 seconds 
  Import took 0.080944 seconds .

========================================================================
Received Import Request.
  Time since last request: 1.800938 seconds.
  path: Assets/Scripts/Tank/TankMovement.cs
  artifactKey: Guid(29af3199e11b72e47b41ff380db540fd) Importer(815301076,1909f56bfc062723c751e8b465ee728b)
Start importing Assets/Scripts/Tank/TankMovement.cs using Guid(29af3199e11b72e47b41ff380db540fd) Importer(815301076,1909f56bfc062723c751e8b465ee728b)  -> (artifact id: 'bf824ae8a12153382daa61ed2f70a8ad') in 0.118713 seconds 
  Import took 0.131083 seconds .

========================================================================
Received Import Request.
  Time since last request: 19.089420 seconds.
  path: Assets/Scripts/Tank/TankHealth.cs
  artifactKey: Guid(8326b9dca06e5bc4885942c9371f51f1) Importer(815301076,1909f56bfc062723c751e8b465ee728b)
Start importing Assets/Scripts/Tank/TankHealth.cs using Guid(8326b9dca06e5bc4885942c9371f51f1) Importer(815301076,1909f56bfc062723c751e8b465ee728b)  -> (artifact id: '751531f377cf046e17335e995bac772d') in 0.076225 seconds 
  Import took 0.110204 seconds .

AssetImportWorkerClient::OnTransportError - code=2 error=End of file
